<?xml version="1.0" encoding="UTF-8"?>
<!-- Generated by org.testng.reporters.JUnitReportReporter -->
<testsuite hostname="AADJM-7FSBGG3" failures="0" tests="6" name="SmokeTest.LoginTests" time="136.745" errors="0" timestamp="2024-08-01T18:57:22 IST" skipped="0">
  <testcase classname="SmokeTest.LoginTests" name="LoginHudlValidUserCredentials" time="30.585"/>
  <testcase classname="SmokeTest.LoginTests" name="LoginHudlInValidUserCredentials" time="27.962"/>
  <testcase classname="SmokeTest.LoginTests" name="LoginHudlInValidUserCredentials" time="19.493"/>
  <testcase classname="SmokeTest.LoginTests" name="LoginHudlInValidUserCredentials" time="19.863"/>
  <testcase classname="SmokeTest.LoginTests" name="LoginHudlInValidUserCredentials" time="23.972"/>
  <testcase classname="SmokeTest.LoginTests" name="LoginHudlWithoutUserCredentials" time="14.870"/>
</testsuite> <!-- SmokeTest.LoginTests -->
