<?xml version="1.0" encoding="UTF-8"?>
<!-- Generated by org.testng.reporters.JUnitReportReporter -->
<testsuite hostname="AADJM-7FSBGG3" failures="0" tests="6" name="SmokeTest.LoginTests" time="120.023" errors="0" timestamp="2024-08-03T23:45:11 IST" skipped="0">
  <testcase classname="SmokeTest.LoginTests" name="LoginHudlValidUserCredentials" time="20.915"/>
  <testcase classname="SmokeTest.LoginTests" name="LoginHudlInValidUserCredentials" time="37.770"/>
  <testcase classname="SmokeTest.LoginTests" name="LoginHudlInValidUserCredentials" time="15.025"/>
  <testcase classname="SmokeTest.LoginTests" name="LoginHudlInValidUserCredentials" time="18.943"/>
  <testcase classname="SmokeTest.LoginTests" name="LoginHudlInValidUserCredentials" time="13.772"/>
  <testcase classname="SmokeTest.LoginTests" name="LoginHudlWithoutUserCredentials" time="13.598"/>
</testsuite> <!-- SmokeTest.LoginTests -->
